# 0.9999 0.0000 0.0000 0.0000 0.0000
mereka O O O O O
adalah O O O O O
petugas O O O O O
gabungan O O O O O
dari O O O O O
trantib O I-PLOC O O O
, O O O O O
dishub O O I-PLOC O O
, O O O O O
polisi O O O O I-PLOC
, O O O O O
tni O O O I-PLOC O
, O O O O O
dan O O O O O
dinas O O O O O
pemadam O O O O O
kebakaran O O O O O

# 0.9130 0.0762 0.0053 0.0030 0.0025
salah O O O O O
satunya O O O O O
kebakaran O O O O O
yang O O O O O
terjadi O O O O O
di O O O O O
kantin O O O O O
sebuah O O O O O
smp O O O O O
di O O O O O
matraman B-PLOC B-LOC O I-PLOC I-LOC
, O O O O O
jakarta B-PLOC B-PLOC B-PLOC B-PLOC B-PLOC
timur I-PLOC I-PLOC I-PLOC I-PLOC I-PLOC

# 0.9999 0.0000 0.0000 0.0000 0.0000
bagian O O I-PLOC O O
depannya O I-PLOC O O O
tampak O O O O O
ringsek O O O I-PLOC O
berat O O O O O

# 0.4643 0.4591 0.0366 0.0257 0.0143
lalu O O O O O
sekitar O O O O O
pukul O O O O O
03.46 O O O O O
wib O O O O O
sebuah O O O O O
honda O O O O O
jazz O O O O O
warna O O O O O
biru O O O O O
dengan O O O O O
nomor O O O O O
polisi O O O O O
b O O O O O
8949 O O O O O
gr O O O O O
menabrak O O O O O
pembatas O O O O O
layang O O O O O
pancoran B-LOC B-PLOC B-PLOC I-LOC B-LOC
jakarta B-PLOC B-PLOC I-PLOC B-PLOC I-PLOC
selatan I-PLOC I-PLOC I-PLOC I-PLOC I-PLOC

# 0.9999 0.0000 0.0000 0.0000 0.0000
bahkan O O O O O
aparat O O O O O
desa O O O I-PLOC O
maupun O O O O O
kecamatan O I-PLOC O O O
setempat O O O O O
belum O O O O O
pernah O O O O O
mendata O O O O O
mereka O O O O O
untuk O O O O O
sekadar O O I-PLOC O O
mengetahui O O O O O
siapa O O O O I-PLOC
yang O O O O O
meninggal O O O O O
maupun O O O O O
yang O O O O O
sakit O O O O O

# 0.9999 0.0000 0.0000 0.0000 0.0000
" O O I-PLOC O O
kecelakaan O O O O O
tepatnya O I-PLOC O O O
di O O O O O
km O O O O O
52+800 O O O I-PLOC O
yaitu O O O O O
mobil O O O O I-PLOC
muatan O O O O O
cat O O O O O
dan O O O O O
tiner O O O O O

# 0.9836 0.0121 0.0026 0.0010 0.0007
keterangan O O O O O
detikcom O O O O O
menyebutkan O O O O O
, O O O O O
kecelakaan O O O O O
tunggal O O O O O
itu O O O O O
terjadi O O O O O
saat O O O O O
truk O O O O O
l O O O O O
8129 O O O O O
ua O O O O O
melaju O O O O O
dari O O O O O
arah O O O O O
surabaya B-PLOC B-PLOC B-PLOC B-PLOC B-PLOC

# 0.9998 0.0001 0.0000 0.0000 0.0000
genangan O O O O I-PLOC
paling O O O O O
tinggi O O O O O
tampak O O O O O
di O O O O O
jl O O I-PLOC O O
ahmad O O O O O
yani O I-PLOC O O O
, O O O I-PLOC O
depan O O O O O
asrama O O O O O
polisi O O O O O

# 0.9999 0.0000 0.0000 0.0000 0.0000
saat O O O O O
kejadian O O O O O
ini O O O O O
, O O O O O
korban O O O O O
tidak O O O O O
ada O O O O O
yang O O O O O
menemani O O O I-PLOC O
karena O O O O O
anggota O O O O O
keluarga O O O O O
yang O O O O O
lain O O O O O
sedang O O O O O
ke O O O O I-PLOC
kantor O O O O O
camat O O I-PLOC O O
untuk O O O O O
mengurus O O O O O
e O O O O O
- O I-PLOC O O O
ktp O O O O O

# 1.0000 0.0000 0.0000 0.0000 0.0000
kebakaran O I-PLOC O O O
terjadi O O O I-PLOC O
sekitar O O O O O
pukul O O O O I-PLOC
02.50 O O I-PLOC O O
wib O O O O O

# 0.9999 0.0000 0.0000 0.0000 0.0000
korban O O O O O
merupakan O O I-PLOC O O
cleaning O I-PLOC O O O
service O O O O I-PLOC
di O O O I-PLOC O
gedung O O O O O
itu O O O O O

# 0.9862 0.0075 0.0031 0.0016 0.0016
anggota O O O O O
kami O O O O O
sampai O O O O O
marah O O O O O
karena O O O O O
sudah O O O O O
mencoba O O O O O
untuk O O O O O
menolong O O O O O
tetapi O O O O O
malah O O O O O
dibilang O O O O O
ada O O O O O
isu O O O O O
negosiasi O O O O O
harga O O O O O
, O O O O O
" O O O O O
kata O O O O O
kepala O O O O O
dinas O O O O O
damkar O O O O O
dan O O O O O
pb O O O O O
dki B-PLOC B-PLOC B-PLOC B-LOC B-PLOC
jakarta I-PLOC I-PLOC B-PLOC I-PLOC I-PLOC
, O O O O O
paimin O O O O O
napitupulu O O O O O
, O O O O O
saat O O O O O
jumpa O O O O O
di O O O O O
restoran O O O O O
bundo O O O O O
sati O O O O O
, O O O O O
jl O O O O O
ridwan O O O O O
rais O O O O O
, O O O O O
jakarta B-PLOC B-LOC B-PLOC B-PLOC I-PLOC
, O O O O O
senin O O O O O
( O O O O O
21/5/2012 O O O O O
) O O O O O

# 1.0000 0.0000 0.0000 0.0000 0.0000
kebakaran O I-PLOC O O O
terjadi O O O I-PLOC O
sekitar O O O O O
pukul O O O O I-PLOC
14.30 O O I-PLOC O O
wib O O O O O

# 0.9999 0.0000 0.0000 0.0000 0.0000
antisipasi O I-PLOC O O O
, O O O O I-PLOC
meski O O O O O
laporannya O O I-PLOC O O
cuma O O O O O
satu O O O O O
rumah O O O O O
yang O O O O O
terbakar O O O O O
, O O O O O
" O O O O O
terang O O O I-PLOC O
saan O O O O O

# 0.9999 0.0000 0.0000 0.0000 0.0000
sempat O O O O I-PLOC
disapa O I-PLOC O O O
warga O O O O O
mau O O O O O
kemana O O I-PLOC O O
, O O O I-PLOC O
dia O O O O O
menjawab O O O O O
mau O O O O O
ngarit O O O O O

# 0.9999 0.0000 0.0000 0.0000 0.0000
sementara O O O O O
yamaha O I-PLOC O O O
mio O O O O O
j O O O O O
hitam O O O O O
nopol O O O O O
s O O O O I-PLOC
2548 O O O O O
qo O O I-PLOC O O
dikemudikan O O O O O
wahyu O O O O O
rizki O O O O O
aji O O O O O
( O O O O O
21 O O O O O
) O O O O O
dan O O O O O
khoirul O O O O O
anam O O O I-PLOC O
( O O O O O
17 O O O O O
) O O O O O

# 0.9946 0.0037 0.0008 0.0005 0.0003
nanti O O O O O
kalau O O O O O
sudah O O O O O
agak O O O O O
surut O O O O O
, O O O O O
baru O O O O O
ambil O O O O O
barang O O O O O
- O O O O O
barang O O O O O
yang O O O O O
bisa O O O O O
diselamatkan O O O O O
, O O O O O
" O O O O O
kata O O O O O
junaidi O O O O O
salah O O O O O
seorang O O O O O
warga O O O O O
kampung B-LOC B-PLOC I-LOC B-LOC O
lalang I-LOC I-LOC I-LOC I-PLOC I-LOC
yang O O O O O
rumahnya O O O O O
terendam O O O O O
banjir O O O O O
hingga O O O O O
satu O O O O O
meter O O O O O
lebih O O O O O

# 0.2124 0.2046 0.2015 0.1940 0.1875
truk O O O O O
gandeng O O O O O
nyemplung O O O O O
ke O O O O O
sungai O O O O O
di O O O O O
demak B-PLOC B-PLOC B-LOC B-LOC B-PLOC
- O O O O O
- O O O O O
jakarta B-PLOC B-PLOC B-PLOC B-PLOC B-PLOC
- O O O O O
sebuah O O O O O
truk O O O O O
gandeng O O O O O
mengalami O O O O O
kecelakaan O O O O O
di O O O O O
jalan O O O O O
raya O O O O O
demak B-LOC B-LOC B-LOC B-LOC B-PLOC
arah O O O O O
kudus B-PLOC B-LOC B-PLOC B-LOC B-PLOC
tepatnya O O O O O
di O O O O O
depan O O O O O
pasar O O O O O
gajah O O O O O
, O O O O O
tengah B-PLOC B-PLOC B-PLOC B-PLOC B-PLOC

# 0.9999 0.0000 0.0000 0.0000 0.0000
" O I-PLOC O O O
genangan O O O O O
ini O O O O O
sudah O O O O O
4 O O O O O
hari O O I-PLOC O O
, O O O O O
karena O O O O O
di O O O O O
depan O O O O O
jalan O O O I-PLOC O
masjid O O O O O
at O O O O O
taqwa O O O O I-PLOC
ada O O O O O
galian O O O O O
kabel O O O O O
jadi O O O O O
airnya O O O O O
tinggi O O O O O

# 0.5494 0.2254 0.1519 0.0623 0.0110
diguyur O O O O O
semalam O O O O O
, O O O O O
banjir O O O O O
dan O O O O O
longsor O O O O O
landa O O O O O
pacitan B-PLOC B-LOC B-PLOC B-LOC O
- O O O O O
- O O O O O
pacitan B-PLOC B-PLOC B-LOC B-LOC B-PLOC
- O O O O O
banjir O O O O O
dan O O O O O
longsor O O O O O
melanda O O O O O
sejumlah O O O O O
wilayah O O O O O
di O O O O O
kabupaten B-PLOC B-PLOC B-PLOC B-PLOC B-PLOC
pacitan I-PLOC I-PLOC I-PLOC I-PLOC I-PLOC
, O O O O O
jumat O O O O O
( O O O O O
2/12/2016 O O O O O
) O O O O O

# 0.9999 0.0000 0.0000 0.0000 0.0000
dulu O O O I-PLOC O
pernah O O O O O
kaya O O O O O
gini O O O O I-PLOC
tahun O I-PLOC O O O
lalu O O O O O
, O O O O O
beberapa O O O O O
bulan O O I-PLOC O O
( O O O O O
banjir O O O O O
) O O O O O
tidak O O O O O
setinggi O O O O O
ini O O O O O

# 0.9999 0.0001 0.0000 0.0000 0.0000
" O O O I-PLOC O
memang O O O O O
pada O O O O O
2006 O O O O O
banyak O O O O O
warga O O O O O
yang O O O O O
bangun O O O O O
rumah O O O O O
di O O O O O
sepanjang O O O O O
kali O O O O O
perumahan O O O O I-PLOC
bangka O O I-PLOC O O

# 0.9999 0.0000 0.0000 0.0000 0.0000
tim O O O O I-PLOC
reaksi O I-PLOC O O O
cepat O O O O O
( O O O O O
trc O O I-PLOC O O
) O O O O O
bpba O O O O O
masih O O O O O
memantau O O O I-PLOC O
perkembangan O O O O O
banjir O O O O O

# 0.9809 0.0162 0.0015 0.0008 0.0007
para O O O O O
korban O O O O O
kini O O O O O
berada O O O O O
di O O O O O
rsu O O O O O
pirngadi O O O O O
, O O O O O
jl O O O O O
hm O O O O O
yamin O O O O O
, O O O O O
medan B-PLOC B-PLOC B-PLOC B-PLOC B-PLOC

# 0.9999 0.0000 0.0000 0.0000 0.0000
sejumlah O I-PLOC O O O
saksi O O O O O
mata O O O O O
menyatakan O O O O O
, O O O O O
api O O O O O
pertama O O O O O
sekali O O O O O
terlihat O O O O O
dari O O I-PLOC O O
ruang O O O O O
lounge O O O O I-PLOC
di O O O O O
lantai O O O I-PLOC O
tiga O O O O O

# 0.9999 0.0000 0.0000 0.0000 0.0000
sedangkan O O I-PLOC O O
kebakaran O O O I-PLOC O
, O O O O I-PLOC
api O O O O O
berasal O O O O O
dari O I-PLOC O O O
rumah O O O O O
nomor O O O O O
7 O O O O O

# 0.5028 0.4802 0.0082 0.0047 0.0042
banjir O O O O O
juga O O O O O
masih O O O O O
terjadi O O O O O
di O O O O O
daerah O O O O O
bidaracina B-LOC B-PLOC I-PLOC I-LOC O
dengan O O O O O
ketinggian O O O O O
30 O O O O O
cm O O O O O

# 0.9999 0.0000 0.0000 0.0000 0.0000
menurut O I-PLOC O O O
data O O O O O
pihak O O O O O
damkar O O O O O
, O O O O O
kebakaran O O O O O
tersebut O O O O O
menewaskan O O O O O
ivan O O O O O
( O O O O O
10) O O O I-PLOC O
, O O O O O
melina O O O O I-PLOC
( O O O O O
12) O O O O O
, O O O O O
dan O O O O O
melisa O O I-PLOC O O
( O O O O O
14 O O O O O
) O O O O O

# 0.9922 0.0024 0.0022 0.0016 0.0015
sunawardi O O O O O
menjelaskan O O O O O
korban O O O O O
terdampak O O O O O
banjir O O O O O
di O O O O O
dua O O O O O
kecamatan B-LOC B-LOC B-PLOC I-LOC B-LOC
teunom I-LOC I-LOC I-LOC I-LOC I-LOC
dan O O O O O
pasi B-LOC B-PLOC B-LOC B-LOC I-LOC
raya I-LOC I-LOC I-LOC I-LOC I-LOC
mencapai O O O O O
1,140 O O O O O
orang O O O O O

# 0.9999 0.0000 0.0000 0.0000 0.0000
viktor O I-PLOC O O O
memastikan O O I-PLOC O O
tak O O O O O
ada O O O O O
korban O O O O O
akibat O O O I-PLOC O
kebakaran O O O O I-PLOC
ini O O O O O

# 0.6888 0.2969 0.0056 0.0044 0.0042
komplek O O O O O
pinang O O O O O
griya O O O O O
permai O O O O O
tangerang B-LOC B-PLOC I-PLOC B-LOC I-LOC
kebanjiran O O O O O
, O O O O O
warga O O O O O
hanya O O O O O
bisa O O O O O
pasrah O O O O O
- O O O O O
- O O O O O
jakarta B-PLOC B-PLOC B-PLOC B-PLOC B-PLOC
- O O O O O
komplek O O O O O
perumahan O O O O O
pinang O O O O O
griya O O O O O
permai O O O O O
, O O O O O
tangerang B-LOC B-LOC B-LOC B-PLOC B-LOC
kota I-LOC I-LOC I-LOC I-LOC I-LOC
tergenang O O O O O
banjir O O O O O
setinggi O O O O O
paha O O O O O
orang O O O O O
dewasa O O O O O

# 0.5114 0.3300 0.0616 0.0565 0.0405
sementara O O O O O
itu O O O O O
, O O O O O
jalan O O O O O
sepanjang O O O O O
ragunan B-PLOC B-PLOC B-PLOC B-LOC B-PLOC
hingga O O O O O
fly O O O O O
over O O O O O
pasar B-PLOC B-LOC B-LOC B-PLOC B-PLOC
minggu I-PLOC I-PLOC O I-PLOC O
digenangi O O O O O
air O O O O O
hingga O O O O O
40 O O O O O
cm O O O O O

# 0.7428 0.2377 0.0087 0.0070 0.0039
emil O O O O O
menerangkan O O O O O
, O O O O O
hujan O O O O O
deras O O O O O
dengan O O O O O
intensitas O O O O O
tinggi O O O O O
beberapa O O O O O
hari O O O O O
belakangan O O O O O
ini O O O O O
terjadi O O O O O
di O O O O O
wilayah O O O O O
trenggalek B-PLOC B-LOC O I-PLOC I-LOC
, O O O O O
menyebabkan O O O O O
aliran O O O O O
sungai O O O O O
meluap O O O O O
dan O O O O O
banjir O O O O O

# 0.9999 0.0000 0.0000 0.0000 0.0000
jadi O O I-PLOC O O
kalau O O O O O
ada O O O O O
yang O O O O O
bilang O O O O O
kita O O O O I-PLOC
30 O O O O O
menit O I-PLOC O O O
baru O O O I-PLOC O
sampai O O O O O
lokasi O O O O O
tidak O O O O O
benar O O O O O
, O O O O O
" O O O O O
tukasnya O O O O O

# 0.9999 0.0000 0.0000 0.0000 0.0000
" O I-PLOC O O O
saya O O O I-PLOC O
lagi O O O O O
di O O I-PLOC O O
tempat O O O O O
pengungsian O O O O O
untuk O O O O O
mandi O O O O O
dan O O O O I-PLOC
makan O O O O O

# 0.9714 0.0238 0.0022 0.0017 0.0010
askses O O O O O
di O O O O O
lebih O O O O O
dari O O O O O
20 O O O O O
kota O O O O O
di O O O O O
queensland B-PLOC B-LOC O I-PLOC I-LOC
terputus O O O O O
, O O O O O
dan O O O O O
sekitar O O O O O
20.000 O O O O O
ribu O O O O O
orang O O O O O
terkena O O O O O
dampak O O O O O

# 0.6065 0.3479 0.0300 0.0109 0.0047
untuk O O O O O
kepentingan O O O O O
penyelidikan O O O O O
, O O O O O
polisi O O O O O
brasil B-LOC B-PLOC O I-PLOC I-LOC
menangkap O O O O O
empat O O O O O
orang O O O O O
untuk O O O O O
dimintai O O O O O
keterangan O O O O O

# 0.9999 0.0000 0.0000 0.0000 0.0000
belum O I-PLOC O O O
diketahui O O O O O
apa O O O I-PLOC O
penyebab O O I-PLOC O O
kebakaran O O O O I-PLOC
serta O O O O O
berapa O O O O O
kerugian O O O O O
yang O O O O O
ditimbulkan O O O O O

# 0.9999 0.0000 0.0000 0.0000 0.0000
guyuran O I-PLOC O O O
hujan O O O O O
ini O O O O I-PLOC
menyebabkan O O O O O
sungai O O O O O
woyla O O O O O
meluap O O O I-PLOC O

# 0.9999 0.0000 0.0000 0.0000 0.0000
michele O O I-PLOC O O
pereira O O O I-PLOC O
, O O O O O
saksi O O O O O
mata O O O O O
yang O O O O O
selamat O O O O O
, O O O O O
mengatakan O O O O O
api O O O O O
langsung O O O O O
merembet O O O O O
cepat O O O O O
dari O O O O O
langit O O O O O
- O I-PLOC O O O
langit O O O O I-PLOC
tak O O O O O
lama O O O O O
setelah O O O O O
salah O O O O O
satu O O O O O
anggota O O O O O
band O O O O O
, O O O O O
menyulut O O O O O
kembang O O O O O
api O O O O O
jenis O O O O O
suar O O O O O

# 0.9761 0.0154 0.0040 0.0027 0.0018
gempa O O O O O
susulan O O O O O
kembali O O O O O
terjadi O O O O O
10 O O O O O
menit O O O O O
kemudian O O O O O
- O O O O O
- O O O O O
jakarta B-PLOC B-PLOC B-LOC B-PLOC B-PLOC
- O O O O O
gempa O O O O O
yang O O O O O
melanda O O O O O
nusa B-LOC B-LOC B-LOC B-PLOC O
tenggara I-LOC I-LOC I-LOC I-LOC I-LOC
timur I-LOC I-LOC I-LOC I-LOC I-LOC
( O O O O O
ntt B-PLOC B-LOC B-PLOC B-PLOC B-PLOC
) O O O O O
ternyata O O O O O
tidak O O O O O
hanya O O O O O
sekali O O O O O

# 0.9938 0.0029 0.0018 0.0007 0.0007
" O O O O O
lalu O O O O O
lintas O O O O O
padat O O O O O
merayap O O O O O
, O O O O O
ekor O O O O O
kepadatan O O O O O
di O O O O O
cempaka B-LOC B-PLOC I-LOC O B-LOC
putih I-LOC I-LOC I-LOC I-LOC I-PLOC
kira O O O O O
- O O O O O
kira O O O O O
sepanjang O O O O O
3 O O O O O
km O O O O O
jelang O O O O O
lokasi O O O O O
kecelakaan O O O O O
" O O O O O
ucap O O O O O
rahmi O O O O O

# 0.9999 0.0000 0.0000 0.0000 0.0000
" O O O O O
lima O O O O O
biara O O I-PLOC O O
dan O O O O O
35 O O O O O
bangunan O O O O O
runtuh O I-PLOC O O O
di O O O I-PLOC O
kota O O O O I-PLOC
tersebut O O O O O

# 0.9999 0.0000 0.0000 0.0000 0.0000
tetapi O O O O I-PLOC
ada O O O O O
juga O O O O O
yang O O O O O
menyelamatkan O O I-PLOC O O
diri O O O O O
hingga O O O O O
ke O I-PLOC O O O
bagian O O O I-PLOC O
paling O O O O O
atas O O O O O
di O O O O O
rumahnya O O O O O

# 0.9999 0.0000 0.0000 0.0000 0.0000
ruko O O O I-PLOC O
ini O O I-PLOC O O
juga O O O O O
terkunci O I-PLOC O O O
saat O O O O O
petugas O O O O I-PLOC
pemadam O O O O O
datang O O O O O

# 0.9999 0.0000 0.0000 0.0000 0.0000
mereka O I-PLOC O O O
berlarian O O O O O
menyelamatkan O O I-PLOC O O
diri O O O O I-PLOC

# 0.9999 0.0000 0.0000 0.0000 0.0000
kondisi O O O O I-PLOC
di O I-PLOC O O O
lokasi O O O O O
, O O I-PLOC O O
banjir O O O O O
di O O O O O
basement O O O O O
1 O O O O O
sudah O O O O O
surut O O O O O
, O O O O O
tetapi O O O O O
di O O O I-PLOC O
basement O O O O O
2 O O O O O
masih O O O O O
tergenang O O O O O

# 0.9999 0.0000 0.0000 0.0000 0.0000
cuaca O I-PLOC O O O
di O O I-PLOC O O
lokasi O O O O O
tersebut O O O O O
saat O O O O O
ini O O O I-PLOC O
masih O O O O I-PLOC
gerimis O O O O O

# 0.9999 0.0000 0.0000 0.0000 0.0000
sekitar O O O O O
10 O O O O I-PLOC
kali O I-PLOC O O O
gempa O O O I-PLOC O
susulan O O O O O
dilaporkan O O O O O
terjadi O O O O O
pasca O O O O O
gempa O O O O O
6,9 O O O O O
sr O O I-PLOC O O
tersebut O O O O O
melanda O O O O O

# 0.9999 0.0000 0.0000 0.0000 0.0000
hingga O O O I-PLOC O
saat O O O O O
ini O O O O I-PLOC
, O O O O O
petugas O O I-PLOC O O
masih O O O O O
menjinakkan O I-PLOC O O O
api O O O O O
yang O O O O O
berkobar O O O O O

# 0.6643 0.2118 0.0876 0.0279 0.0083
penyebab O O O O O
longsor O O O O O
dan O O O O O
banjir O O O O O
di O O O O O
trenggalek B-PLOC B-LOC B-PLOC B-LOC B-PLOC
akibat O O O O O
hujan O O O O O
deras O O O O O
tiga O O O O O
hari O O O O O
- O O O O O
- O O O O O
trenggalek B-PLOC B-PLOC B-LOC B-LOC B-PLOC
- O O O O O
bencana O O O O O
alam O O O O O
melanda O O O O O
24 O O O O O
desa O O O O O
dan O O O O O
7 O O O O O
kecamatan O O O O O
di O O O O O
kabupaten B-PLOC B-PLOC B-PLOC B-PLOC B-LOC
trenggalek I-PLOC I-PLOC I-PLOC I-PLOC I-PLOC

# 1.0000 0.0000 0.0000 0.0000 0.0000
saya O I-PLOC O O O
langsung O O I-PLOC O O
lemas O O O O O

# 0.7015 0.1356 0.1048 0.0379 0.0203
masih O O O O O
dihari O O O O O
yang O O O O O
sama O O O O O
, O O O O O
kebakaran O O O O O
kembali O O O O O
terjadi O O O O O
di O O O O O
rumahnya O O O O O
keluarga O O O O O
besouw O O O O O
- O O O O O
aring O O O O O
di O O O O O
kelurahan B-LOC B-PLOC B-LOC B-LOC B-PLOC
malalayang I-PLOC I-PLOC I-PLOC I-LOC I-PLOC
satu I-PLOC I-PLOC I-LOC I-PLOC I-LOC
timur I-PLOC I-PLOC I-PLOC I-PLOC I-PLOC
lingkungan O O O O O
iv O O O O O
kecamatan B-PLOC B-PLOC B-PLOC B-PLOC B-PLOC
malalayang I-PLOC I-PLOC I-PLOC I-PLOC I-PLOC
, O O O O O
sekitar O O O O O
pukul O O O O O
15.45 O O O O O
wita O O O O O

# 0.9712 0.0237 0.0026 0.0013 0.0011
nampak O O O O O
kawasan O O O O O
yang O O O O O
terendam O O O O O
yaitu O O O O O
komplek O O O O O
perumahan O O O O O
di O O O O O
belakang O O O O O
kantor O O O O O
jaksel B-PLOC B-PLOC B-PLOC B-PLOC B-PLOC

# 0.9999 0.0000 0.0000 0.0000 0.0000
" O I-PLOC O O O
dalam O O O I-PLOC O
penanganan O O O O O
kapal O O I-PLOC O O
yang O O O O O
jatuh O O O O O
ada O O O O O
yang O O O O O
menangani O O O O O
sendiri O O O O O
, O O O O O
" O O O O I-PLOC
ujarnya O O O O O

# 0.9999 0.0000 0.0000 0.0000 0.0000
mengenai O O O O I-PLOC
jarak O O O O O
pos O I-PLOC O O O
yang O O O O O
hanya O O O O O
berkisar O O I-PLOC O O
300 O O O O O
meter O O O I-PLOC O
dengan O O O O O
lokasi O O O O O
kebakaran O O O O O
, O O O O O
paimin O O O O O
membenarkan O O O O O

# 0.5003 0.4769 0.0102 0.0076 0.0050
tabrak O O O O O
separator O O O O O
busway O O O O O
di O O O O O
jakbar B-LOC B-PLOC I-PLOC O I-LOC
, O O O O O
pengendara O O O O O
motor O O O O O
tewas O O O O O
- O O O O O
- O O O O O
jakarta B-PLOC B-PLOC B-PLOC B-PLOC B-PLOC
- O O O O O
seorang O O O O O
pengendara O O O O O
motor O O O O O
menabrak O O O O O
separator O O O O O
lajur O O O O O
bus O O O O O
trans O O O O O
jakarta O O O O O
di O O O O O
, O O O O O
jakarta B-PLOC B-PLOC B-PLOC B-PLOC B-PLOC
barat I-PLOC I-PLOC I-PLOC I-PLOC I-PLOC

# 0.7580 0.2185 0.0149 0.0043 0.0043
10 O O O O O
menit O O O O O
kemudian O O O O O
gempa O O O O O
susulan O O O O O
berkekuatan O O O O O
5,5 O O O O O
skala O O O O O
richter O O O O O
kembali O O O O O
mengguncang O O O O O
waingapu B-LOC B-PLOC B-LOC I-LOC B-PLOC
, O O O O O
ntt B-PLOC B-PLOC B-LOC B-PLOC B-LOC
badan O O O O O
meteorologi O O O O O
klimatologi O O O O O
dan O O O O O
geofisika O O O O O
melansir O O O O O
gempa O O O O O
tersebut O O O O O
terjadi O O O O O
pukul O O O O O
04.04 O O O O O
wib O O O O O
atau O O O O O
10 O O O O O
menit O O O O O
kemudian O O O O O
setelah O O O O O
gempa O O O O O
pertama O O O O O
berkekuatan O O O O O
6,1 O O O O O
sr O O O O O
terjadi O O O O O

# 1.0000 0.0000 0.0000 0.0000 0.0000
api O O I-PLOC O O
berhasil O O O I-PLOC O
dipadamkan O O O O I-PLOC
pukul O O O O O
23.55 O I-PLOC O O O
wib O O O O O

# 0.9999 0.0000 0.0000 0.0000 0.0000
dia O O O O I-PLOC
kabur O I-PLOC O O O
diduga O O O O O
karena O O O O O
khawatir O O O I-PLOC O
jadi O O O O O
sasaran O O O O O
kemarahan O O I-PLOC O O
massa O O O O O

# 0.5478 0.2112 0.1715 0.0661 0.0035
ada O O O O O
8 O O O O O
titik O O O O O
longsor O O O O O
di O O O O O
jalur O O O O O
kampak B-LOC B-PLOC B-LOC B-PLOC I-PLOC
menuju O O O O O
ke O O O O O
munjungan B-LOC B-LOC B-PLOC B-PLOC B-LOC
dan O O O O O
ruas O O O O O
jalan O O O O O
putus O O O O O
total O O O O O
, O O O O O
" O O O O O
jelasnya O O O O O

# 0.9999 0.0000 0.0000 0.0000 0.0000
kepala O O O O O
pusat O O O O O
data O O O O O
informasi O O O O O
dan O O O O O
humas O O O O O
bnpb O O O O O
sutopo O O O O O
purwo O O O O O
nugroho O O O O O
dalam O O O O O
siaran O O O O O
persnya O O O O O
menyatakan O O O O O
, O O O O O
bpbd O I-PLOC O O O
bersama O O O O O
tni O O O O O
, O O O O O
polri O O O O O
, O O O O O
basarnas O O O O I-PLOC
, O O O O O
skpd O O O O O
, O O O O O
pmi O O O I-PLOC O
, O O O O O
tagana O O I-PLOC O O
, O O O O O
relawan O O O O O
dan O O O O O
masyarakat O O O O O
masih O O O O O
melakukan O O O O O
penanganan O O O O O
darurat O O O O O

# 0.9999 0.0000 0.0000 0.0000 0.0000
" O O O O I-PLOC
rasanya O O I-PLOC O O
tidak O O O O O
mungkin O O O O O
bantuan O O O O O
dana O O O I-PLOC O
rumah O O O O O
itu O O O O O
benar O O O O O
- O I-PLOC O O O
benar O O O O O
turun O O O O O
kepada O O O O O
kami O O O O O

# 0.9999 0.0000 0.0000 0.0000 0.0000
hal O O O O O
itu O O O O O
disampaikan O O O O I-PLOC
petugas O O O O O
informasi O O O O O
, O O O O O
santi O O O O O
saat O O O O O
berbincang O O O I-PLOC O
dengan O O O O O
detikcom O O O O O
, O O O O O
kamis O O I-PLOC O O
( O O O O O
13/10/2011 O I-PLOC O O O
) O O O O O

# 0.9999 0.0000 0.0000 0.0000 0.0000
jasad O O O O O
korban O O O O O
langsung O O O O O
dimasukkan O O O I-PLOC O
ke O O I-PLOC O O
kantung O O O O I-PLOC
mayat O I-PLOC O O O
dan O O O O O
dibawa O O O O O
ke O O O O O
rscm O O O O O

# 0.9999 0.0000 0.0000 0.0000 0.0000
namun O O O O I-PLOC
petugas O O O O O
sudah O O I-PLOC O O
berada O O O O O
di O O O I-PLOC O
lokasi O O O O O
untuk O O O O O
melakukan O I-PLOC O O O
penanganan O O O O O
dan O O O O O
evakuasi O O O O O

# 0.9999 0.0000 0.0000 0.0000 0.0000
beruntung O I-PLOC O O O
, O O O O I-PLOC
guncangan O O O O O
tidak O O O O O
terlalu O O O O O
lama O O O O O
, O O I-PLOC O O
aktivitas O O O O O
rumah O O O O O
sakit O O O O O
kembali O O O I-PLOC O
normal O O O O O

# 0.9999 0.0000 0.0000 0.0000 0.0000
korban O O O O O
yang O O O O O
mengendarai O O I-PLOC O O
motor O O O O O
seorang O O O O O
diri O O O O O
menurut O O O O O
tata O O O I-PLOC O
sudah O O O O I-PLOC
dibawa O O O O O
ke O I-PLOC O O O
rumah O O O O O
sakit O O O O O
terdekat O O O O O

# 0.9999 0.0000 0.0000 0.0000 0.0000
menurut O O O O O
fauzi O O O O O
, O O O O O
salah O O O O O
satu O O O O O
staf O O O I-PLOC O
pusat O O O O O
gempa O O O O O
nasional O O O O I-PLOC
, O O O O O
pusat O O O O O
gempa O O O O O
berada O O O O O
di O O O O O
4.99 O O O O O
lu O O O O O
- O I-PLOC O O O
127.04 O O I-PLOC O O
bt O O O O O

# 0.9999 0.0000 0.0000 0.0000 0.0000
" O O O I-PLOC O
sebelum O O O O O
kejadian O O O O O
, O O O O O
pak O O O O O
didi O O O O O
ini O O O O O
sempat O O O O O
jalan O O O O O
kaki O O O O O
ke O O O O O
timur O O I-PLOC O O
lewat O O O O O
di O O O O I-PLOC
depan O O O O O
toko O O O O O
di O O O O O
sisi O O O O O
utara O I-PLOC O O O
jalan O O O O O

# 0.9932 0.0032 0.0015 0.0012 0.0009
air O O O O O
di O O O O O
gang O O O O O
anwar O O O O O
, O O O O O
kelurahan B-LOC B-PLOC B-LOC B-LOC I-LOC
kampung I-LOC I-LOC I-LOC B-LOC I-LOC
melayu I-LOC I-LOC I-LOC I-LOC I-LOC
, O O O O O
jakarta B-PLOC B-PLOC B-LOC B-PLOC B-PLOC
timur I-PLOC I-PLOC I-PLOC I-PLOC I-PLOC
, O O O O O
pada O O O O O
pukul O O O O O
03.00 O O O O O
wib O O O O O
tadi O O O O O
awalnya O O O O O
hanya O O O O O
semata O O O O O
kaki O O O O O
saja O O O O O

# 0.9999 0.0000 0.0000 0.0000 0.0000
setelah O O O O O
korban O O O O O
dan O O O O O
kendaraan O O O O O
selesai O O O I-PLOC O
diangkat O O I-PLOC O O
, O O O O O
ratusan O O O O O
masyarakat O O O O O
yang O O O O O
menonton O O O O O
proses O O O O O
evakuasi O O O O O
berangsur O O O O O
- O I-PLOC O O O
angsur O O O O I-PLOC
meninggalkan O O O O O
lokasi O O O O O

# 0.9999 0.0000 0.0000 0.0000 0.0000
ketiganya O I-PLOC O O O
diketahui O O O O I-PLOC
sudah O O I-PLOC O O
tidak O O O I-PLOC O
bernyawa O O O O O

# 0.9978 0.0017 0.0003 0.0001 0.0001
sementara O O O O O
, O O O O O
kecelakaan O O O O O
beruntun O O O O O
terjadi O O O O O
juga O O O O O
di O O O O O
tol O O O O O
priok O O O O O
, O O O O O
jakarta B-PLOC B-LOC I-PLOC B-PLOC B-PLOC
utara I-PLOC I-PLOC I-PLOC O I-LOC
, O O O O O
selang O O O O O
sekitar O O O O O
17 O O O O O
menit O O O O O
dari O O O O O
kecelakaan O O O O O
pertama O O O O O

# 0.9999 0.0000 0.0000 0.0000 0.0000
akibatnya O I-PLOC O O O
, O O I-PLOC O O
arus O O O O O
lintas O O O I-PLOC O
tersendat O O O O O

# 0.9999 0.0000 0.0000 0.0000 0.0000
namun O O O O O
ketinggian O O O O O
air O O O O O
di O O O I-PLOC O
masing O O O O O
- O I-PLOC O O O
masing O O O O O
lokasi O O O O O
sudah O O O O O
sedikit O O O O O
berkurang O O O O O
dibanding O O O O I-PLOC
hari O O O O O
- O O I-PLOC O O
hari O O O O O
sebelumnya O O O O O

# 0.9999 0.0000 0.0000 0.0000 0.0000
" O O I-PLOC O O
saya O O O O I-PLOC
masih O O O O O
bisa O O O O O
berhubungan O I-PLOC O O O
dengan O O O O O
sms O O O I-PLOC O
saja O O O O O

# 0.9999 0.0000 0.0000 0.0000 0.0000
pendamping O I-PLOC O O O
fauzi O O O O O
bowo O O O O I-PLOC
ini O O O O O
juga O O O O O
meminta O O O O O
kepada O O O O O
lurah O O I-PLOC O O
untuk O O O O O
menyampaikan O O O O O
ke O O O O O
rt O O O O O
dan O O O O O
rw O O O O O
agar O O O O O
masyarakat O O O O O
mengunakan O O O I-PLOC O
kompor O O O O O
gas O O O O O

# 0.9999 0.0000 0.0000 0.0000 0.0000
beruntung O O O O O
anaknya O O O O I-PLOC
yang O O O O O
masih O O O O O
duduk O O O O O
di O O O O O
bangku O O O O O
sma O I-PLOC O O O
berhasil O O O O O
selamat O O I-PLOC O O
setelah O O O O O
tetangga O O O O O
membangunkannya O O O I-PLOC O
agar O O O O O
menyelamatkan O O O O O
diri O O O O O

# 0.2783 0.2753 0.1779 0.1760 0.0926
fakultas O O O O O
pertanian O O O O O
universitas O O O O O
islam O O O O O
riau B-PLOC B-PLOC B-PLOC B-PLOC B-LOC
terbakar O O O O O
- O O O O O
- O O O O O
pekanbaru B-PLOC B-PLOC B-LOC B-LOC B-PLOC
- O O O O O
fakultas O O O O O
pertanian O O O O O
universitas O O O O O
islam O O O O O
riau B-PLOC B-PLOC B-PLOC B-PLOC B-PLOC
( O O O O O
uir O O O O O
) O O O O O
di O O O O O
pekanbaru B-LOC B-PLOC B-LOC B-PLOC B-LOC
dilalap O O O O O
api O O O O O
sekitar O O O O O
pukul O O O O O
04.00 O O O O O
wib O O O O O
, O O O O O
jumat O O O O O
( O O O O O
20/11/2009 O O O O O
) O O O O O

# 0.9999 0.0000 0.0000 0.0000 0.0000
saksi O O O O O
- O I-PLOC O O O
saksi O O O O O
dalam O O O I-PLOC O
kasus O O O O O
ini O O O O I-PLOC
akan O O I-PLOC O O
dipanggil O O O O O

# 0.9999 0.0000 0.0000 0.0000 0.0000
satu O O O O O
orang O O O O I-PLOC
tewas O O I-PLOC O O
di O O O O O
lokasi O O O O O
dan O O O O O
3 O O O I-PLOC O
lainnya O O O O O
luka O O O O O
- O I-PLOC O O O
luka O O O O O

# 0.7588 0.2131 0.0180 0.0051 0.0050
gempa O O O O O
6,5 O O O O O
sr O O O O O
goncang O O O O O
sulut B-PLOC B-LOC B-PLOC B-LOC O
- O O O O O
- O O O O O
jakarta B-PLOC B-PLOC B-PLOC B-PLOC B-PLOC
- O O O O O
gempa O O O O O
dahsyat O O O O O
6,5 O O O O O
skala O O O O O
richter O O O O O
( O O O O O
sr O O O O O
) O O O O O
mengguncang O O O O O
sulawesi B-LOC B-LOC B-PLOC B-PLOC B-LOC
utara I-LOC I-LOC I-LOC I-LOC I-LOC
, O O O O O
sabtu O O O O O
( O O O O O
4/4/2009 O O O O O
) O O O O O
pukul O O O O O
12.31 O O O O O
wib O O O O O

# 0.9999 0.0000 0.0000 0.0000 0.0000
namun O O O O I-PLOC
lama O O O I-PLOC O
kelamaan O I-PLOC O O O
asap O O O O O
membesar O O O O O
dan O O O O O
terdengar O O I-PLOC O O
beberapa O O O O O
kali O O O O O
ledakan O O O O O

# 0.9999 0.0000 0.0000 0.0000 0.0000
kami O O O O O
melakukan O O O O O
penahanan O O I-PLOC O O
untuk O O O O O
kepentingan O O O O O
penyelidikan O O O O O
, O O O O O
" O O O O O
kata O O O O O
inspektur O O O O I-PLOC
polisi O O O O O
ranolfo O O O O O
vieira O O O O O
junior O O O O O
seperti O O O O O
dilansir O O O O O
usa O O O O O
today O O O O O
, O O O O O
selasa O I-PLOC O O O
( O O O O O
29/1/2013 O O O I-PLOC O
) O O O O O

# 0.9808 0.0119 0.0049 0.0013 0.0010
mobil O O O O O
pengangkut O O O O O
sayur O O O O O
terguling O O O O O
di O O O O O
km O O O O O
23 O O O O O
tol O O O O O
jagorawi O O O O O
- O O O O O
- O O O O O
jakarta B-PLOC B-PLOC B-PLOC B-PLOC B-LOC
- O O O O O
sebuah O O O O O
mobil O O O O O
bak O O O O O
pengangkut O O O O O
sayur O O O O O
terguling O O O O O
di O O O O O
km O O O O O
23 O O O O O
ruas O O O O O
tol O O O O O
jagorawi O O O O O
menuju O O O O O
jakarta B-PLOC B-PLOC B-LOC B-PLOC B-PLOC

# 0.9999 0.0000 0.0000 0.0000 0.0000
petugas O O I-PLOC O O
berhasil O O O O O
memadamkan O O O O O
api O O O O O
dalam O O O O I-PLOC
waktu O O O O O
kira O O O O O
- O I-PLOC O O O
kira O O O I-PLOC O
15 O O O O O
menit O O O O O

# 0.9999 0.0000 0.0000 0.0000 0.0000
yang O O O O O
dimaksudnya O I-PLOC O O O
sebagai O O O O O
sego O O O O O
aking O O O O O
adalah O O O O O
nasi O O O O O
yang O O O O O
telah O O O O O
dikeringkan O O O I-PLOC O
lalu O O O O O
direndam O O I-PLOC O O
air O O O O O
panas O O O O I-PLOC
kemudian O O O O O
dimakan O O O O O

# 0.9810 0.0102 0.0058 0.0017 0.0013
satu O O O O O
lagi O O O O O
oleng O O O O O
masuk O O O O O
ke O O O O O
jalur O O O O O
trans O O O O O
jakarta B-PLOC B-PLOC B-PLOC B-PLOC B-PLOC

# 0.9999 0.0000 0.0000 0.0000 0.0000
kecelakaan O O O I-PLOC O
mengakibatkan O I-PLOC O O O
kepadatan O O O O O
kendaraan O O O O I-PLOC
hingga O O O O O
2 O O I-PLOC O O
kilometer O O O O O

# 0.9999 0.0000 0.0000 0.0000 0.0000
akibat O I-PLOC O O O
kejadian O O O O O
tersebut O O O O O
berdampak O O O O O
pada O O O O O
1 O O O O O
orang O O I-PLOC O O
meninggal O O O O O
dunia O O O I-PLOC O
dan O O O O O
1 O O O O O
orang O O O O O
luka O O O O O
ringan O O O O I-PLOC
akibat O O O O O
puting O O O O O
beliung O O O O O

# 0.9999 0.0000 0.0000 0.0000 0.0000
api O O I-PLOC O O
dengan O O O O O
cepat O O O O O
membesar O O O O O
dan O O O O O
sempat O O O O O
merembet O O O O O
ke O I-PLOC O O O
rumah O O O O O
disamping O O O I-PLOC O
milik O O O O O
keluarga O O O O O
wicay O O O O I-PLOC
mandolang O O O O O

# 0.9999 0.0000 0.0000 0.0000 0.0000
banyak O O O O O
orang O O O O O
yang O O O O O
menyampaikan O O O O O
simpati O I-PLOC O O O
dan O O O O O
duka O O O O I-PLOC
cita O O O O O
mendalam O O O I-PLOC O
bagi O O I-PLOC O O
para O O O O O
pemadam O O O O O
yang O O O O O
gugur O O O O O
dalam O O O O O
tugas O O O O O

# 0.9999 0.0000 0.0000 0.0000 0.0000
badan O O I-PLOC O O
meteorologi O O O O O
, O O O O O
klimatologi O O O O O
, O O O O O
dan O O O O O
geofisika O O O O O
( O O O O O
bmkg O I-PLOC O O O
) O O O O O
menginformasikan O O O O O
gempa O O O O I-PLOC
terjadi O O O O O
pada O O O O O
hari O O O I-PLOC O
ini O O O O O
, O O O O O
sabtu O O O O O
( O O O O O
22/12/2018 O O O O O
) O O O O O
pukul O O O O O
09.19 O O O O O
wib O O O O O

# 0.9999 0.0000 0.0000 0.0000 0.0000
gempa O I-PLOC O O O
ini O O O I-PLOC O
cukup O O O O O
kuat O O I-PLOC O O
namun O O O O O
tidak O O O O O
mengakibatkan O O O O I-PLOC
kerusakan O O O O O

# 0.4185 0.2119 0.1741 0.1073 0.0883
mal O O O O O
ciputra O O O O O
semarang B-PLOC O B-PLOC B-PLOC B-LOC
dilalap O O O O O
api O O O O O
- O O O O O
- O O O O O
semarang B-PLOC B-PLOC B-PLOC B-PLOC B-PLOC
- O O O O O
api O O O O O
berkobar O O O O O
di O O O O O
mal O O O O O
ciputra O O O O O
di O O O O O
simpang B-LOC B-LOC B-LOC B-LOC B-LOC
lima I-LOC I-LOC I-LOC I-LOC I-LOC
, O O O O O
semarang B-PLOC B-PLOC B-PLOC B-LOC B-PLOC

# 0.9999 0.0000 0.0000 0.0000 0.0000
korban O O O O O
diketahui O O O O O
bernama O O O O O
herdian O O I-PLOC O O
eko O I-PLOC O O O
( O O O O O
27 O O O O O
) O O O O I-PLOC

# 0.9999 0.0000 0.0000 0.0000 0.0000
akibatnya O I-PLOC O O O
banyak O O O O O
pengunjung O O O O O
yang O O O O O
terjebak O O I-PLOC O O
dan O O O I-PLOC O
tidak O O O O I-PLOC
tertolong O O O O O

# 0.9999 0.0000 0.0000 0.0000 0.0000
ketinggian O I-PLOC O O O
air O O O O O
di O O O I-PLOC O
daerah O O O O O
tersebut O O O O O
bervariasi O O I-PLOC O O
mulai O O O O I-PLOC
20 O O O O O
sentimeter O O O O O
hingga O O O O O
70 O O O O O
sentimeter O O O O O

# 1.0000 0.0000 0.0000 0.0000 0.0000
pukul O I-PLOC O O O
04.00 O O I-PLOC O O
wib O O O O O

# 0.7030 0.2847 0.0055 0.0038 0.0028
ini O O O O O
tanggapan O O O O O
pihak O O O O O
damkar O O O O O
terkait O O O O O
kebakaran O O O O O
di O O O O O
ruko O O O O O
muara B-LOC B-PLOC O I-LOC B-LOC
karang I-PLOC I-PLOC I-PLOC I-PLOC I-PLOC
- O O O O O
- O O O O O
jakarta B-PLOC B-PLOC B-PLOC B-PLOC B-LOC
- O O O O O
pihak O O O O O
pemadam O O O O O
kebakaran O O O O O
menepis O O O O O
berbagai O O O O O
isu O O O O O
miring O O O O O
terkait O O O O O
musibah O O O O O
kebakaran O O O O O
di O O O O O
sebuah O O O O O
ruko O O O O O
di O O O O O
kawasan O O O O O
muara B-LOC B-LOC B-LOC B-LOC B-LOC
karang I-LOC I-LOC I-LOC I-LOC I-LOC
, O O O O O
jakarta B-PLOC B-PLOC B-PLOC B-PLOC B-PLOC
utara I-PLOC I-PLOC I-PLOC I-PLOC I-PLOC
, O O O O O
selasa O O O O O
( O O O O O
15/5/5 O O O O O
) O O O O O
lalu O O O O O

# 0.9009 0.0923 0.0030 0.0022 0.0016
sementara O O O O O
3 O O O O O
korban O O O O O
selamat O O O O O
dibawa O O O O O
ke O O O O O
rs O O O O O
hermina O O O O O
, O O O O O
jakbar B-LOC B-LOC B-LOC B-LOC B-LOC

# 0.9999 0.0000 0.0000 0.0000 0.0000
sementara O O O O O
pengemudi O O O O O
dan O O O O O
penumpang O O O O O
yamaha O I-PLOC O O O
mio O O O O O
mengalami O O O O O
luka O O O O O
cukup O O O O O
parah O O O O O
" O O O O O
korban O O O O O
meninggal O O O O O
kami O O O O O
evakuasi O O O O O
ke O O O O O
rsud O O O O O
dr O O O O O
wahidin O O O O O
sudiro O O O O O
husodo O O O O I-PLOC
, O O O O O
kalau O O O O O
korban O O O O O
luka O O O O O
di O O O O O
rs O O I-PLOC O O
rekso O O O O O
waluyo O O O I-PLOC O
, O O O O O
" O O O O O
terangnya O O O O O

# 0.9999 0.0000 0.0000 0.0000 0.0000
sementara O O I-PLOC O O
arus O O O O I-PLOC
sebaliknya O I-PLOC O O O
tidak O O O I-PLOC O
terlihat O O O O O
ada O O O O O
genangan O O O O O

# 0.9999 0.0000 0.0000 0.0000 0.0000
akibatnya O O I-PLOC O O
, O I-PLOC O O O
lalu O O O O I-PLOC
lintas O O O I-PLOC O
tersendat O O O O O

# 0.9753 0.0154 0.0067 0.0021 0.0005
pantauan O O O O O
detikcom O O O O O
, O O O O O
sabtu O O O O O
( O O O O O
2/12/2017 O O O O O
), O O O O O
banjir O O O O O
terparah O O O O O
terjadi O O O O O
di O O O O O
kecamatan B-LOC B-PLOC I-LOC O I-PLOC
matangkuli I-LOC I-LOC I-LOC I-LOC I-LOC

# 0.9856 0.0120 0.0014 0.0006 0.0004
dalam O O O O O
apel O O O O O
itu O O O O O
juga O O O O O
digelar O O O O O
simulasi O O O O O
penanggulangan O O O O O
bencana O O O O O
di O O O O O
jakarta B-PLOC B-PLOC B-PLOC B-PLOC B-PLOC

# 1.0000 0.0000 0.0000 0.0000 0.0000
tumpukan O I-PLOC O O O
material O O I-PLOC O O
longsor O O O O O

# 0.9999 0.0000 0.0000 0.0000 0.0000
lha O O O I-PLOC O
kok O O O O O
kedadean O O O O I-PLOC
( O O O O O
menjadi O O O O O
kenyataan O O O O O
- O I-PLOC O O O
red O O O O O
) O O O O O
mimpi O O O O O
ibu O O O O O
saya O O O O O
, O O O O O
" O O O O O
katanya O O O O O
maimunah O O O O O
terbata O O O O O
- O O I-PLOC O O
bata O O O O O

# 0.9999 0.0000 0.0000 0.0000 0.0000
hingga O O I-PLOC O O
kamis O O O I-PLOC O
siang O O O O O
, O O O O I-PLOC
air O O O O O
belum O O O O O
menunjukkan O O O O O
tanda O O O O O
- O I-PLOC O O O
tanda O O O O O
surut O O O O O
yang O O O O O
terlalu O O O O O
berarti O O O O O

# 0.9999 0.0000 0.0000 0.0000 0.0000
" O I-PLOC O O O
saat O O O O O
ini O O O I-PLOC O
para O O O O O
korban O O O O O
kami O O O O O
evakuasi O O O O O
, O O O O O
dibawa O O O O O
ke O O I-PLOC O O
rumah O O O O O
sakit O O O O O

# 0.7411 0.2457 0.0050 0.0047 0.0034
namun O O O O O
wali O O O O O
kota O O O O O
tainan B-LOC B-PLOC O I-PLOC I-LOC
mengingatkan O O O O O
, O O O O O
jumlah O O O O O
korban O O O O O
jiwa O O O O O
bisa O O O O O
mencapai O O O O O
lebih O O O O O
dari O O O O O
100 O O O O O
orang O O O O O

# 0.9999 0.0000 0.0000 0.0000 0.0000
polisi O O O O O
meminta O O O O O
warga O O O O O
menghindari O O O I-PLOC O
air O O O O O
banjir O O O O O
dan O O O O O
bencana O O O O O
ini O O O O O
telah O O O O O
merenggut O O O O O
sepuluh O O O O I-PLOC
nyawa O I-PLOC O O O
orang O O O O O
sejak O O I-PLOC O O
pertama O O O O O
kali O O O O O
turun O O O O O
hujan O O O O O
november O O O O O
lalu O O O O O

# 0.7562 0.2148 0.0113 0.0095 0.0082
di O O O O O
jalan O O O O O
medan B-PLOC B-PLOC B-PLOC B-PLOC B-LOC
- O O O O O
binjai B-PLOC B-LOC O I-PLOC B-PLOC
, O O O O O
genangan O O O O O
air O O O O O
mencapai O O O O O
30 O O O O O
centimeter O O O O O
di O O O O O
badan O O O O O
jalan O O O O O

# 0.5803 0.1996 0.1579 0.0543 0.0080
bus O O O O O
terguling O O O O O
di O O O O O
jalan O O O O O
raya O O O O O
kesamben B-PLOC B-PLOC B-LOC B-LOC B-PLOC
, O O O O O
tepatnya O O O O O
sebelah O O O O O
timur O O O O O
spbu O O O O O
kesamben B-PLOC B-LOC B-PLOC B-LOC I-PLOC
, O O O O O
sekitar O O O O O
pukul O O O O O
06.30 O O O O O
wib O O O O O

# 0.9960 0.0019 0.0016 0.0002 0.0002
saat O O O O O
ini O O O O O
dalam O O O O O
proses O O O O O
pemadaman O O O O O
10 O O O O O
unit O O O O O
dpk O O O O O
, O O O O O
" O O O O O
cuit O O O O O
akun O O O O O
twitter O O O O O
bpbd O O O O O
dki B-PLOC B-PLOC B-PLOC B-PLOC B-LOC
jakarta I-PLOC I-PLOC B-PLOC I-PLOC I-PLOC

# 0.9999 0.0000 0.0000 0.0000 0.0000
polisi O I-PLOC O O O
menduga O O O O O
mereka O O O O O
mengendarai O O I-PLOC O O
mobil O O O O O
dalam O O O O O
keadaan O O O I-PLOC O
mabuk O O O O O

# 0.9887 0.0078 0.0017 0.0011 0.0007
banjir O O O O O
merendam O O O O O
sebagian O O O O O
wilayah O O O O O
jakarta B-PLOC B-LOC I-PLOC O I-LOC
pada O O O O O
jumat O O O O O
dini O O O O O
hari O O O O O
karena O O O O O
air O O O O O
sungai O O O O O
ciliwung O O O O O
meluap O O O O O
sejak O O O O O
kamis O O O O O
( O O O O O
25/4 O O O O O
) O O O O O
malam O O O O O

# 0.9999 0.0000 0.0000 0.0000 0.0000
di O I-PLOC O O O
luar O O O O I-PLOC
mal O O O O O
, O O O I-PLOC O
sekitar O O O O O
6 O O I-PLOC O O
mobil O O O O O
pemadam O O O O O
sudah O O O O O
datang O O O O O
untuk O O O O O
memadamkan O O O O O
api O O O O O

# 0.9999 0.0000 0.0000 0.0000 0.0000
pengunjung O O O I-PLOC O
dan O O O O O
petugas O O O O O
rumah O O O O O
sakit O O O O O
yang O O O O O
sedang O O O O O
berada O O O O O
di O O O O O
lobi O I-PLOC O O O
langsung O O O O O
berhamburan O O O O O
ke O O I-PLOC O O
luar O O O O O

# 0.9999 0.0000 0.0000 0.0000 0.0000
banyak O O O O O
ular O O I-PLOC O O
berbisa O I-PLOC O O O
dan O O O O O
bahkan O O O O O
buaya O O O I-PLOC O
berkeliaran O O O O I-PLOC
di O O O O O
kawasan O O O O O

# 0.9999 0.0000 0.0000 0.0000 0.0000
" O I-PLOC O O O
masih O O O I-PLOC O
dalam O O O O O
penanganan O O O O I-PLOC
, O O O O O
" O O I-PLOC O O
ucapnya O O O O O

# 0.9972 0.0021 0.0003 0.0003 0.0001
tapi O O O O O
itu O O O O O
nanti O O O O O
kita O O O O O
akan O O O O O
kembangkan O O O O O
lagi O O O O O
, O O O O O
" O O O O O
kata O O O O O
akbp O O O O O
sularno O O O O O
, O O O O O
kasat O O O O O
lantas O O O O O
polres O O O O O
metro O O O O O
jakarta B-PLOC B-LOC I-PLOC B-PLOC I-LOC
barat I-PLOC I-PLOC I-PLOC I-LOC I-PLOC
, O O O O O
saat O O O O O
ditemui O O O O O
detikcom O O O O O
di O O O O O
lokasi O O O O O
, O O O O O
kamis O O O O O
( O O O O O
2/6/2011 O O O O O
) O O O O O

# 0.9999 0.0000 0.0000 0.0000 0.0000
kecelakaan O O O I-PLOC O
ini O I-PLOC O O O
sempat O O O O O
membuat O O O O O
lalu O O O O I-PLOC
lintas O O O O O
di O O I-PLOC O O
lokasi O O O O O
itu O O O O O
tersendat O O O O O

# 0.9999 0.0000 0.0000 0.0000 0.0000
paimin O I-PLOC O O O
menjelaskan O O O O O
, O O O O O
isi O O O O O
dari O O O O O
kabar O O O O I-PLOC
miring O O O O O
tersebut O O O O O
ada O O O O O
3 O O O O O
hal O O O O O
yaitu O O O I-PLOC O
: O O O O O
1 O O O O O
adanya O O O O O
negosiasi O O O O O
harga O O I-PLOC O O
dengan O O O O O
petugas O O O O O
damkar O O O O O
saat O O O O O
melapor O O O O O

# 0.9999 0.0000 0.0000 0.0000 0.0000
hingga O O O O I-PLOC
pukul O O O O O
23.45 O O O O O
wib O O O I-PLOC O
, O O O O O
kamis O O O O O
( O O O O O
1/2/2007 O I-PLOC O O O
) O O O O O
, O O O O O
hujan O O O O O
deras O O O O O
terus O O O O O
mengguyur O O O O O
di O O I-PLOC O O
sekitar O O O O O
perumahan O O O O O

# 0.9999 0.0000 0.0000 0.0000 0.0000
bahkan O O O O O
dengan O O O O O
nada O O O O O
tinggi O O O O O
mereka O O O O O
menilai O I-PLOC O O O
janji O O O O O
pemerintah O O O O O
memberikan O O O O O
bantuan O O O O O
dana O O I-PLOC O O
untuk O O O O O
pendirian O O O I-PLOC O
rumah O O O O O
, O O O O O
besar O O O O O
kemungkinan O O O O O
hanyalah O O O O I-PLOC
omong O O O O O
kosong O O O O O
saja O O O O O

# 0.9945 0.0035 0.0013 0.0004 0.0003
banjir O O O O O
di O O O O O
cipinang B-LOC B-PLOC I-LOC B-LOC B-LOC
melayu I-LOC I-LOC I-LOC I-PLOC I-LOC
telah O O O O I-PLOC
surut O O O O O

# 0.9999 0.0000 0.0000 0.0000 0.0000
air O O O I-PLOC O
berasal O O I-PLOC O O
dari O I-PLOC O O O
luapan O O O O I-PLOC
sungai O O O O O
jelok O O O O O

# 0.9975 0.0018 0.0002 0.0002 0.0002
" O O O O O
kejadiannya O O O O O
baru O O O O O
saja O O O O O
itu O O O O O
infonya O O O O O
truknya O O O O O
menimpa O O O O O
motor O O O O O
, O O O O O
korban O O O O O
dari O O O O O
pengendara O O O O O
motor O O O O O
terjepit O O O O O
, O O O O O
" O O O O O
kata O O O O O
petugas O O O O O
piket O O O O O
laka O O O O O
jakarta B-PLOC B-LOC I-PLOC B-PLOC B-PLOC
barat I-PLOC I-PLOC I-PLOC O I-LOC
, O O O O O
briptu O O O O O
yanto O O O O O
, O O O O O
saat O O O O O
dikonfirmasi O O O O O
detikcom O O O O O
, O O O O O
selasa O O O O O
( O O O O O
14/1/2014 O O O O O
) O O O O O

# 0.9999 0.0000 0.0000 0.0000 0.0000
" O O I-PLOC O O
saya O O O O O
menyesal O O O I-PLOC O
tak O O O O O
bisa O O O O O
menyelamatkan O O O O I-PLOC
barang O O O O O
- O I-PLOC O O O
barang O O O O O
saya O O O O O
, O O O O O
" O O O O O
katanya O O O O O

# 0.9999 0.0000 0.0000 0.0000 0.0000
" O O I-PLOC O O
teman O O O O O
- O I-PLOC O O O
teman O O O O O
( O O O O O
sopir O O O O O
) O O O O O
nggak O O O O O
ada O O O O O
yang O O O O O
kasih O O O O O
informasi O O O O O
di O O O O O
mana O O O O O
keduanya O O O O O
, O O O O O
jadi O O O O O
belum O O O O O
tertangkap O O O O I-PLOC
( O O O O O
hingga O O O O O
pukul O O O O O
07.00 O O O O O
wib O O O O O
) O O O I-PLOC O
, O O O O O
" O O O O O
lanjut O O O O O
sandi O O O O O

# 0.9737 0.0107 0.0082 0.0059 0.0016
13 O O O O O
. O O O O O
kabupaten B-PLOC B-PLOC B-LOC B-PLOC B-PLOC
ponorogo I-PLOC I-PLOC I-PLOC I-PLOC I-PLOC
banjir O O O O O
terjadi O O O O O
di O O O O O
wilayah O O O O O
kecamatan B-LOC B-PLOC B-LOC I-LOC O
balong I-LOC I-LOC I-LOC I-LOC I-LOC

# 0.9999 0.0000 0.0000 0.0000 0.0000
hal O O O O O
serupa O I-PLOC O O O
juga O O O O I-PLOC
dikuatkan O O I-PLOC O O
oleh O O O O O
pengakuan O O O I-PLOC O
suroto O O O O O

# 0.9999 0.0000 0.0000 0.0000 0.0000
gedung O O O O O
berlantai O I-PLOC O O O
17 O O O O O
tersebut O O O O O
ambruk O O O I-PLOC O
akibat O O O O O
gempa O O O O I-PLOC
yang O O O O O
terjadi O O O O O
pada O O O O O
sabtu O O O O O
, O O O O O
6 O O O O O
februari O O I-PLOC O O
lalu O O O O O

# 0.9999 0.0000 0.0000 0.0000 0.0000
tidak O O O I-PLOC O
ada O O O O O
korban O O O O O
jiwa O O O O O
akibat O O O O O
kebakaran O O O O O
ini O O O O O
, O O O O I-PLOC
hanya O O O O O
seorang O O O O O
warga O O I-PLOC O O
mengalami O O O O O
luka O I-PLOC O O O
karena O O O O O
terjatuh O O O O O

# 0.9999 0.0000 0.0000 0.0000 0.0000
namun O O O O O
, O O O O O
upaya O O O O O
menghindar O O O I-PLOC O
itu O O O O O
justru O O O O O
kebablasan O O I-PLOC O O
hingga O O O O O
truknya O I-PLOC O O O
terguling O O O O O
dan O O O O O
menabrak O O O O O
pejalan O O O O I-PLOC
kaki O O O O O

# 0.8594 0.1126 0.0172 0.0081 0.0026
panther O O O O O
oleng O O O O O
tabrak O O O O O
dua O O O O O
motor O O O O O
, O O O O O
3 O O O O O
orang O O O O O
tewas O O O O O
dan O O O O O
2 O O O O O
luka O O O O O
- O O O O O
- O O O O O
mojokerto B-PLOC B-PLOC B-PLOC B-PLOC B-PLOC
- O O O O O
kecelakaan O O O O O
maut O O O O O
menewaskan O O O O O
satu O O O O O
keluarga O O O O O
terjadi O O O O O
di O O O O O
jalur O O O O O
alternatif O O O O O
mojokerto B-PLOC B-PLOC B-PLOC B-LOC B-PLOC
- O O O O O
lamongan B-PLOC B-PLOC B-LOC B-PLOC B-PLOC

# 0.9999 0.0000 0.0000 0.0000 0.0000
kondisi O O O I-PLOC O
ini O O I-PLOC O O
diakibatkan O O O O O
oleh O O O O O
meluapnya O O O O O
kali O O O O O
angke O I-PLOC O O O
yang O O O O O
berbatasan O O O O I-PLOC
langsung O O O O O
dengan O O O O O
komplek O O O O O
ini O O O O O

# 0.9999 0.0000 0.0000 0.0000 0.0000
sementara O O O O O
kopaja O O I-PLOC O O
yang O O O O O
masuk O O O O O
ke O O O O O
jalur O I-PLOC O O O
transj O O O O I-PLOC
rusak O O O O O
di O O O O O
bagian O O O I-PLOC O
depan O O O O O

# 0.9999 0.0000 0.0000 0.0000 0.0000
" O I-PLOC O O O
mereka O O O O O
kemudian O O O O O
diminta O O O O I-PLOC
naik O O O O O
ke O O I-PLOC O O
atas O O O O O
dan O O O O O
orangtuanya O O O O O
keluar O O O O O
beli O O O I-PLOC O
lilin O O O O O
, O O O O O
" O O O O O
katanya O O O O O

# 0.5868 0.2715 0.0920 0.0426 0.0072
genangan O O O O O
masih O O O O O
tinggi O O O O O
di O O O O O
kembangan B-PLOC B-PLOC B-LOC B-LOC B-PLOC
, O O O O O
lalin O O O O O
macet O O O O O
hingga O O O O O
2 O O O O O
km O O O O O
- O O O O O
- O O O O O
jakarta B-PLOC B-PLOC B-PLOC B-PLOC B-PLOC
- O O O O O
genangan O O O O O
setinggi O O O O O
50 O O O O O
cm O O O O O
di O O O O O
depan O O O O O
jl O O O O O
masjid O O O O O
at O O O O O
taqwa O O O O O
, O O O O O
kembangan B-PLOC B-LOC B-PLOC B-LOC I-LOC
, O O O O O
jakarta B-PLOC B-PLOC B-PLOC B-PLOC B-PLOC
barat I-PLOC I-PLOC I-PLOC I-PLOC I-PLOC
menyebabkan O O O O O
kendaraan O O O O O
tak O O O O O
dapat O O O O O
melintas O O O O O

# 0.9929 0.0051 0.0011 0.0006 0.0003
korban O O O O O
tewas O O O O O
di O O O O O
plaza O O O O O
uob O O O O O
ditemukan O O O O O
di O O O O O
bawah O O O O O
mobil O O O O O
di O O O O O
basement O O O O O
1 O O O O O
- O O O O O
- O O O O O
jakarta B-PLOC B-LOC I-PLOC I-LOC O
- O O O O O
petugas O O O O O
tim O O O O O
evakuasi O O O O O
kembali O O O O O
menemukan O O O O O
korban O O O O O
tewas O O O O O
di O O O O O
plaza O O O O O
uob O O O O O
, O O O O O
thamrin O O O O O

# 0.9999 0.0000 0.0000 0.0000 0.0000
mereka O O O O O
menunjuk O O O O O
ke O O O O O
arah O O I-PLOC O O
atas O O O O O
, O O O O O
saat O O O O O
itu O O O O O
di O O O O O
langit O O O O O
- O I-PLOC O O O
langit O O O O I-PLOC
memang O O O O O
ada O O O O O
sepercik O O O O O
api O O O O O
, O O O O O
namun O O O O O
dengan O O O O O
cepat O O O O O
menyebar O O O I-PLOC O
, O O O O O
" O O O O O
kata O O O O O
pereira O O O O O

# 0.9997 0.0002 0.0000 0.0000 0.0000
widi O O O I-PLOC O
( O O O O O
24) O O O O O
, O O O O O
warga O O O O O
perumahan O O O O O
bangka O I-PLOC O O O
, O O O O O
menjelaskan O O O O O
banjir O O O O O
ini O O O O O
bisa O O O O O
disebabkan O O O O O
banyaknya O O O O I-PLOC
rumah O O O O O
- O O I-PLOC O O
rumah O O O O O
yang O O O O O
dibangun O O O O O
di O O O O O
atas O O O O O

# 0.9999 0.0000 0.0000 0.0000 0.0000
jasad O O O O I-PLOC
korban O O O O O
ini O O I-PLOC O O
langsung O O O O O
dibawa O O O O O
ke O I-PLOC O O O
kamar O O O I-PLOC O
jenazah O O O O O
rsud O O O O O
asembagus O O O O O

# 0.4290 0.2795 0.1714 0.1117 0.0084
" O O O O O
total O O O O O
yang O O O O O
dibawa O O O O O
ke O O O O O
rs O O O O O
di O O O O O
wlingi B-PLOC B-PLOC B-LOC B-LOC B-PLOC
( O O O O O
rsud O O O O O
ngudi O O O O O
waluyo O O O O O
blitar B-PLOC B-LOC B-PLOC B-LOC O
) O O O O O
ada O O O O O
29 O O O O O
penumpang O O O O O
, O O O O O
sedangkan O O O O O
yang O O O O O
dunia O O O O O
ada O O O O O
lima O O O O O
, O O O O O
" O O O O O
kata O O O O O
direktur O O O O O
rsud O O O O O
ngudi O O O O O
waluyo O O O O O
kabupaten B-PLOC B-PLOC B-PLOC B-PLOC B-PLOC
blitar I-PLOC I-PLOC I-PLOC I-PLOC I-PLOC
endah O O O O O
woro O O O O O
saat O O O O O
dikonfirmasi O O O O O
, O O O O O
sabtu O O O O O

# 0.9999 0.0000 0.0000 0.0000 0.0000
ketinggian O I-PLOC O O O
air O O O O O
mencapai O O O O O
betis O O I-PLOC O O
kaki O O O O O
orang O O O O O
dewasa O O O O I-PLOC

# 0.8727 0.1066 0.0123 0.0049 0.0035
gempa O O O O O
5,2 O O O O O
sr O O O O O
goyang O O O O O
perairan O O O O O
maluku B-PLOC B-LOC B-PLOC B-PLOC O
- O O O O O
- O O O O O
jakarta B-PLOC B-PLOC B-PLOC B-PLOC B-PLOC
- O O O O O
gempa O O O O O
kembali O O O O O
mengguncang O O O O O
bagian O O O O O
timur O O O O O
indonesia B-PLOC B-PLOC B-PLOC B-LOC B-PLOC

# 0.6036 0.3810 0.0057 0.0052 0.0045
rombongan O O O O O
bus O O O O O
pariwisata O O O O O
yang O O O O O
mengangkut O O O O O
guru O O O O O
pengawas O O O O O
dan O O O O O
kepala O O O O O
sekolah O O O O O
tk O O O O O
asal O O O O O
kabupaten B-PLOC B-PLOC B-PLOC B-PLOC B-PLOC
tulungagung I-PLOC I-PLOC I-PLOC I-PLOC I-PLOC
itu O O O O O
rencananya O O O O O
akan O O O O O
menghabiskan O O O O O
akhir O O O O O
pekan O O O O O
ke O O O O O
pasuruan B-PLOC B-PLOC B-PLOC B-LOC B-PLOC

# 0.9999 0.0000 0.0000 0.0000 0.0000
rumahnya O O O O O
ludes O O O O O
dilalap O O I-PLOC O O
api O O O O O
, O O O O O
dan O O O O O
tak O O O O O
sempat O O O O O
menyelamatkan O O O O I-PLOC
barang O O O O O
- O I-PLOC O O O
barang O O O O O
berharga O O O I-PLOC O
yang O O O O O
dimilikinya O O O O O

# 0.9999 0.0000 0.0000 0.0000 0.0000
" O O I-PLOC O O
kemungkinan O I-PLOC O O O
karena O O O O O
kelalaian O O O O O
pengendara O O O O O
mobil O O O O I-PLOC

# 0.9244 0.0490 0.0134 0.0090 0.0042
nepal B-PLOC B-PLOC B-PLOC B-LOC I-PLOC
kembali O O O O O
diguncang O O O O O
gempa O O O O O
7,1 O O O O O
sr O O O O O
- O O O O O
- O O O O O
kathmandu B-PLOC B-LOC B-PLOC B-PLOC B-PLOC
, O O O O O
- O O O O O
gempa O O O O O
bumi O O O O O
kembali O O O O O
melanda O O O O O
nepal B-PLOC B-PLOC B-LOC B-PLOC B-PLOC
hari O O O O O
ini O O O O O

# 0.9999 0.0000 0.0000 0.0000 0.0000
tawibowo O O I-PLOC O O
tewas O O O O O
saat O O O O O
hendak O I-PLOC O O O
mengecek O O O O O
truk O O O O O
yang O O O O O
ditumpanginya O O O O O
di O O O O O
bahu O O O I-PLOC O
jalan O O O O O

# 0.9999 0.0000 0.0000 0.0000 0.0000
3 O I-PLOC O O O
mobil O O O O O
yang O O O O O
berisi O O I-PLOC O O
air O O O I-PLOC O
kosong O O O O O

# 0.9999 0.0000 0.0000 0.0000 0.0000
listrik O O O O O
sendiri O O O O O
di O O O I-PLOC O
kawasan O I-PLOC O O O
ini O O O O I-PLOC
belum O O O O O
dimatikan O O I-PLOC O O
oleh O O O O O
pln O O O O O

# 0.2915 0.2231 0.1918 0.1468 0.1468
bus O O O O O
angkut O O O O O
rombongan O O O O O
guru O O O O O
tk O O O O O
terguling O O O O O
di O O O O O
blitar B-PLOC B-LOC B-PLOC B-LOC B-PLOC
, O O O O O
5 O O O O O
orang O O O O O
tewas O O O O O
kompas O O O O O
com O O O O O
- O O O O O
sebuah O O O O O
bus O O O O O
pariwisata O O O O O
yang O O O O O
mengangkut O O O O O
rombongan O O O O O
guru O O O O O
pengawas O O O O O
dan O O O O O
kepala O O O O O
sekolah O O O O O
taman O O O O O
kanak O O O O O
- O O O O O
kanak O O O O O
asal O O O O O
kabupaten B-PLOC B-PLOC B-PLOC B-PLOC B-LOC
tulungagung I-LOC I-LOC I-PLOC I-PLOC I-LOC
, O O O O O
jawa B-PLOC B-PLOC B-PLOC B-PLOC B-PLOC
timur I-PLOC I-PLOC I-PLOC I-PLOC I-PLOC
, O O O O O
terguling O O O O O
di O O O O O
jembatan O O O O O
, O O O O O
kecamatan B-LOC B-LOC B-LOC B-LOC B-LOC
kesamben I-LOC I-LOC I-LOC I-LOC I-LOC
, O O O O O
kabupaten B-PLOC B-PLOC B-PLOC B-PLOC B-PLOC
blitar I-PLOC I-PLOC I-PLOC I-PLOC I-PLOC
, O O O O O
sabtu O O O O O
( O O O O O
7/12/2019 O O O O O
). O O O O O
kecelakaan O O O O O
mengakibatkan O O O O O
lima O O O O O
penumpang O O O O O
meninggal O O O O O
dunia O O O O O

# 0.9999 0.0000 0.0000 0.0000 0.0000
petugas O I-PLOC O O O
masih O O O O O
belum O O O O I-PLOC
memberi O O O O O
laporan O O O O O
, O O O O O
termasuk O O O O O
penyebab O O O O O
dan O O O O O
ada O O O O O
atau O O O I-PLOC O
tidak O O O O O
korban O O O O O
" O O I-PLOC O O
imbuhnya O O O O O

# 0.6835 0.2817 0.0219 0.0083 0.0046
kepala O O O O O
unit O O O O O
laka O O O O O
lantas O O O O O
polres O O O O O
blitar B-PLOC B-LOC O I-PLOC I-LOC
ipda O O O O O
didik O O O O O
sugianto O O O O O
mengatakan O O O O O
, O O O O O
seluruh O O O O O
korban O O O O O
telah O O O O O
dievakuasi O O O O O
ke O O O O O
rumah O O O O O
sakit O O O O O

# 0.9999 0.0000 0.0000 0.0000 0.0000
saat O O O O O
ini O O I-PLOC O O
hanya O O O O O
satu O O O O O
jalan O O O O O
ke O O O O O
utara O I-PLOC O O O
kota O O O O O
yang O O O O O
meski O O O O O
hampir O O O O O
terputus O O O O I-PLOC
dari O O O I-PLOC O
daerah O O O O O
sekelilingnya O O O O O
masih O O O O O
bisa O O O O O

# 0.9999 0.0000 0.0000 0.0000 0.0000
sampai O O I-PLOC O O
di O O O O I-PLOC
lokasi O O O O O
kecelakaan O O O O O
, O O O O O
panther O O O O O
berpapasan O O O I-PLOC O
dengan O O O O O
truk O I-PLOC O O O
yang O O O O O
belum O O O O O
diketahui O O O O O
identitasnya O O O O O

# 0.9999 0.0000 0.0000 0.0000 0.0000
belum O I-PLOC O O O
diketahui O O O I-PLOC O
penyebab O O O O O
insiden O O I-PLOC O O
tersebut O O O O O

# 0.9999 0.0000 0.0000 0.0000 0.0000
ban O I-PLOC O O O
mobil O O I-PLOC O O
depan O O O O O
sebelah O O O O O
kiri O O O O I-PLOC
juga O O O I-PLOC O
terlihat O O O O O
lepas O O O O O

# 0.9999 0.0000 0.0000 0.0000 0.0000
namun O O I-PLOC O O
air O O O O I-PLOC
di O I-PLOC O O O
kali O O O O O
masih O O O I-PLOC O
tinggi O O O O O

# 0.9963 0.0030 0.0003 0.0002 0.0002
sementara O O O O O
di O O O O O
aceh B-PLOC B-LOC I-PLOC B-PLOC B-PLOC
jaya I-PLOC I-PLOC I-PLOC O I-LOC
, O O O O O
banjir O O O O O
merendam O O O O O
rumah O O O O O
warga O O O O O
di O O O O O
dua O O O O O
kecamatan O O O O O
sejak O O O O O
pukul O O O O O
05.30 O O O O O
wib O O O O O

# 0.9999 0.0000 0.0000 0.0000 0.0000
" O I-PLOC O O O
setelah O O O O I-PLOC
kami O O O O O
telusuri O O I-PLOC O O
, O O O I-PLOC O
itu O O O O O
tidak O O O O O
benar O O O O O

# 0.9999 0.0000 0.0000 0.0000 0.0000
meski O O I-PLOC O O
laporan O O O O O
yang O O O O O
diterima O O O I-PLOC O
hanya O O O O O
satu O O O O O
rumah O O O O O
yang O O O O O
terbakar O I-PLOC O O O
, O O O O O
namun O O O O O
petugas O O O O O
kebakaran O O O O O
tidak O O O O O
mau O O O O I-PLOC
melakukan O O O O O
kesalahan O O O O O

# 0.5583 0.1838 0.1656 0.0545 0.0377
" O O O O O
bencana O O O O O
alam O O O O O
yang O O O O O
melanda O O O O O
tiga O O O O O
hari O O O O O
berturut O O O O O
- O O O O O
turut O O O O O
ini O O O O O
disebabkan O O O O O
cuaca O O O O O
tidak O O O O O
bersahabat O O O O O
, O O O O O
" O O O O O
kata O O O O O
bupati O O O O O
trenggalek B-PLOC B-PLOC B-PLOC B-PLOC B-LOC
emil O O O O O
elestianto O O O O O
dardak O O O O O
di O O O O O
sela O O O O O
rapat O O O O O
koordinasi O O O O O
penanganan O O O O O
pasca O O O O O
bencana O O O O O
di O O O O O
trenggalek B-PLOC B-LOC B-PLOC B-LOC B-PLOC
, O O O O O
bersama O O O O O
wakil O O O O O
bupati O O O O O
arifin O O O O O
, O O O O O
wakil O O O O O
gubernur O O O O O
jatim B-PLOC B-PLOC B-PLOC B-PLOC B-PLOC
saifullah O O O O O
yusuf O O O O O
dan O O O O O
pejabat O O O O O
terkait O O O O O
di O O O O O
gedung O O O O O
bawarasa O O O O O
, O O O O O
trenggalek B-PLOC B-PLOC B-LOC B-LOC B-PLOC
, O O O O O
jumat O O O O O
( O O O O O
19/8/2016 O O O O O
) O O O O O

# 0.9930 0.0033 0.0031 0.0004 0.0001
upaya O O O O O
pencarian O O O O O
korban O O O O O
terus O O O O O
dilakukan O O O O O
dan O O O O O
difokuskan O O O O O
di O O O O O
area O O O O O
reruntuhan O O O O O
gedung O O O O O
wei O O O O O
- O O O O O
guan O O O O O
golden O O O O O
dragon O O O O O
building O O O O O
di O O O O O
kota B-LOC I-LOC B-PLOC B-LOC B-LOC
tainan I-LOC I-LOC I-LOC I-LOC I-PLOC

# 0.9999 0.0000 0.0000 0.0000 0.0000
evakuasi O O O O O
, O O O O O
pemberian O I-PLOC O O O
bantuan O O O O O
permakanan O O I-PLOC O O
, O O O O O
pendirian O O O O I-PLOC
tenda O O O I-PLOC O
dan O O O O O
lainnya O O O O O
masih O O O O O
dilakukan O O O O O

# 0.9999 0.0000 0.0000 0.0000 0.0000
dia O O O O I-PLOC
tewas O O I-PLOC O O
setelah O O O O O
tembok O I-PLOC O O O
rumahnya O O O O O
hancur O O O O O
akibat O O O I-PLOC O
gempa O O O O O

# 0.9999 0.0000 0.0000 0.0000 0.0000
petugas O I-PLOC O O O
masih O O O O O
melakukan O O O O I-PLOC
evakuasi O O O O O
kendaraan O O O O O
tersebut O O O O O
" O O I-PLOC O O
kecelakaan O O O O O
terjadi O O O O O
di O O O O O
lajur O O O I-PLOC O
2 O O O O O
dan O O O O O
3 O O O O O

# 0.9999 0.0000 0.0000 0.0000 0.0000
saat O O O O I-PLOC
pemadam O O O O O
berasil O I-PLOC O O O
masuk O O O O O
tiga O O O O O
orang O O O O O
kakak O O O O O
beradik O O O O O
ini O O O O O
sudah O O O I-PLOC O
tak O O O O O
sadarkan O O I-PLOC O O
diri O O O O O
akibat O O O O O
sesak O O O O O
nafas O O O O O

# 0.9999 0.0000 0.0000 0.0000 0.0000
saat O O O I-PLOC O
itu O O O O O
, O O O O O
siska O O O O I-PLOC
aring O I-PLOC O O O
( O O O O O
54 O O O O O
) O O O O O
ibu O O O O O
pemilik O O O O O
rumah O O O O O
meninggalkan O O O O O
rumah O O O O O
untuk O O O O O
pergi O O O O O
membayar O O O O O
tagihan O O I-PLOC O O
listrik O O O O O

# 0.9999 0.0000 0.0000 0.0000 0.0000
diimbuhkannya O O I-PLOC O O
, O O O O O
beberapa O O O O O
daerah O O O O O
saat O O O O O
ini O O O O O
sulit O O O O O
dijangkau O O O I-PLOC O
karena O O O O O
jalan O O O O O
- O I-PLOC O O O
jalan O O O O O
rusak O O O O O
akibat O O O O O
gempa O O O O O
yang O O O O O
terjadi O O O O O
kamis O O O O I-PLOC
, O O O O O
24 O O O O O
maret O O O O O
kemarin O O O O O

# 0.9999 0.0000 0.0000 0.0000 0.0000
mereka O O O O I-PLOC
khawatir O O O I-PLOC O
dengan O O O O O
lewatnya O O I-PLOC O O
mobil O O O O O
, O O O O O
air O O O O O
yang O O O O O
masuk O O O O O
ke O I-PLOC O O O
rumah O O O O O
makin O O O O O
banyak O O O O O

# 0.3493 0.3086 0.1767 0.1561 0.0093
korban O O O O O
tewas O O O O O
gempa O O O O O
sumbar B-LOC B-LOC B-PLOC B-PLOC B-LOC
jadi O O O O O
529 O O O O O
orang O O O O O
- O O O O O
- O O O O O
sumbar B-PLOC B-LOC B-PLOC B-LOC I-PLOC
- O O O O O
korban O O O O O
tewas O O O O O
akibat O O O O O
gempa O O O O O
7,6 O O O O O
sr O O O O O
di O O O O O
sumatera B-LOC B-LOC B-LOC B-LOC B-LOC
barat I-LOC I-LOC I-LOC I-LOC I-LOC
bertambah O O O O O
menjadi O O O O O
529 O O O O O
jiwa O O O O O

# 0.9999 0.0000 0.0000 0.0000 0.0000
menurut O O I-PLOC O O
prijanto O O O O O
, O O O O O
kecepatan O O O O I-PLOC
pengiriman O I-PLOC O O O
bantuan O O O O O
sangat O O O I-PLOC O
penting O O O O O

# 0.9999 0.0000 0.0000 0.0000 0.0000
sementara O O O O O
2 O O O O O
sopir O O O O O
kopaja O O O O O
kompak O O O O O
melarikan O O O O O
diri O O O O O
dan O O O O O
sopir O O O O O
truk O I-PLOC O O O
yang O O O O O
saat O O O O O
kejadian O O O O O
tengah O O I-PLOC O O
buang O O O O I-PLOC
air O O O O O
kecil O O O O O
langsung O O O O O
dimintai O O O I-PLOC O
keterangan O O O O O
di O O O O O
polres O O O O O
jakbar O O O O O

# 0.4948 0.4885 0.0079 0.0046 0.0041
jerry O O O O O
ini O O O O O
orangnya O O O O O
baik O O O O O
, O O O O O
temannya O O O O O
banyak O O O O O
, O O O O O
kebetulan O O O O O
saya O O O O O
teman O O O O O
main O O O O O
futsal O O O O O
di O O O O O
kuningan B-LOC B-PLOC I-PLOC I-LOC O
, O O O O O
" O O O O O
kata O O O O O
dia O O O O O

# 0.2897 0.2602 0.2279 0.2047 0.0175
41 O O O O O
orang O O O O O
tewas O O O O O
akibat O O O O O
banjir O O O O O
di O O O O O
india B-PLOC B-PLOC B-PLOC B-PLOC B-PLOC
- O O O O O
- O O O O O
new B-PLOC B-PLOC B-LOC B-LOC B-LOC
delhi I-PLOC I-PLOC I-PLOC I-PLOC I-LOC
- O O O O O
wilayah O O O O O
gujarat B-LOC B-PLOC B-LOC B-PLOC B-LOC
, O O O O O
india B-PLOC B-PLOC B-PLOC B-PLOC B-PLOC
tengah O O O O O
dilanda O O O O O
banjir O O O O O
bandang O O O O O
yang O O O O O
dipicu O O O O O
oleh O O O O O
hujan O O O O O
deras O O O O O
tiada O O O O O
henti O O O O O
selama O O O O O
24 O O O O O
jam O O O O O

# 0.9684 0.0175 0.0090 0.0026 0.0025
16 O O O O O
kecamatan O O O O O
di O O O O O
aceh B-PLOC B-PLOC B-PLOC B-LOC B-PLOC
utara I-PLOC I-PLOC I-PLOC I-PLOC I-PLOC
banjir O O O O O
, O O O O O
ratusan O O O O O
warga O O O O O
mengungsi O O O O O
- O O O O O
- O O O O O
aceh B-PLOC B-PLOC B-LOC B-PLOC B-PLOC
- O O O O O
hujan O O O O O
deras O O O O O
yang O O O O O
mengguyur O O O O O
aceh B-PLOC B-LOC B-PLOC B-PLOC B-PLOC
sepekan O O O O O
terakhir O O O O O
mengakibatkan O O O O O
desa O O O O O
di O O O O O
16 O O O O O
kecamatan O O O O O
di O O O O O
aceh B-PLOC B-PLOC B-PLOC B-PLOC B-LOC
utara I-PLOC I-PLOC I-PLOC I-PLOC I-PLOC
terendam O O O O O
banjir O O O O O

# 0.9052 0.0881 0.0028 0.0025 0.0015
gempa O O O O O
tersebut O O O O O
terletak O O O O O
di O O O O O
165 O O O O O
kilometer O O O O O
barat O O O O O
daya O O O O O
sinabang B-LOC B-PLOC B-LOC I-LOC O
, O O O O O
provinsi B-PLOC B-PLOC B-LOC B-PLOC B-PLOC
nad I-PLOC I-PLOC I-PLOC I-PLOC I-PLOC

# 0.9999 0.0000 0.0000 0.0000 0.0000
namun O O I-PLOC O O
tak O O O O O
lama O O O I-PLOC O
kemudian O O O O O
ponsel O I-PLOC O O O
langsung O O O O I-PLOC
mati O O O O O

# 0.9999 0.0000 0.0000 0.0000 0.0000
air O O O O O
masuk O O O O O
ke O O O O I-PLOC
rumah O O O O O
warga O O O O O
sejak O I-PLOC O O O
pagi O O O O O
tadi O O O O O
sekitar O O O O O
pukul O O O O O
08.00 O O O O O
wib O O O O O
, O O O O O
kamis O O O O O
( O O O O O
24/10/2019 O O O O O
). O O O O O
akibat O O O I-PLOC O
banjir O O O O O
ini O O O O O
, O O O O O
ratusan O O O O O
rumah O O O O O
warga O O O O O
di O O O O O
kawasan O O I-PLOC O O
tersebut O O O O O
terendam O O O O O

